[debug] [2025-03-01T06:30:06.863Z] ----------------------------------------------------------------------
[debug] [2025-03-01T06:30:06.864Z] Command:       /usr/local/bin/firebase /Users/3salaz/.cache/firebase/tools/lib/node_modules/firebase-tools/lib/bin/firebase init functions
[debug] [2025-03-01T06:30:06.865Z] CLI Version:   11.15.0
[debug] [2025-03-01T06:30:06.865Z] Platform:      darwin
[debug] [2025-03-01T06:30:06.865Z] Node Version:  v16.16.0
[debug] [2025-03-01T06:30:06.867Z] Time:          Fri Feb 28 2025 22:30:06 GMT-0800 (Pacific Standard Time)
[debug] [2025-03-01T06:30:06.867Z] ----------------------------------------------------------------------
[debug] 
[debug] [2025-03-01T06:30:06.870Z] >>> [apiv2][query] GET https://firebase-public.firebaseio.com/cli.json [none]
[debug] [2025-03-01T06:30:06.944Z] > command requires scopes: ["email","openid","https://www.googleapis.com/auth/cloudplatformprojects.readonly","https://www.googleapis.com/auth/firebase","https://www.googleapis.com/auth/cloud-platform"]
[debug] [2025-03-01T06:30:06.944Z] > authorizing via signed-in user (3salaz.dev@gmail.com)
[info] 
     ######## #### ########  ######## ########     ###     ######  ########
     ##        ##  ##     ## ##       ##     ##  ##   ##  ##       ##
     ######    ##  ########  ######   ########  #########  ######  ######
     ##        ##  ##    ##  ##       ##     ## ##     ##       ## ##
     ##       #### ##     ## ######## ########  ##     ##  ######  ########

You're about to initialize a Firebase project in this directory:

  /Users/3salaz/Mirror/builds/web/grean-app

Before we get started, keep in mind:

  * You are initializing within an existing Firebase project directory

[info] 
=== Project Setup
[info] 
[info] First, let's associate this project directory with a Firebase project.
[info] You can create multiple project aliases by running firebase use --add, 
[info] but for now we'll just set up a default project.
[info] 
[debug] [2025-03-01T06:30:06.948Z] Using project from CLI flag: grean-de04f
[debug] [2025-03-01T06:30:06.948Z] > refreshing access token with scopes: []
[debug] [2025-03-01T06:30:06.949Z] >>> [apiv2][query] POST https://www.googleapis.com/oauth2/v3/token [none]
[debug] [2025-03-01T06:30:06.949Z] >>> [apiv2][body] POST https://www.googleapis.com/oauth2/v3/token [omitted]
[debug] [2025-03-01T06:30:07.108Z] <<< [apiv2][status] POST https://www.googleapis.com/oauth2/v3/token 200
[debug] [2025-03-01T06:30:07.108Z] <<< [apiv2][body] POST https://www.googleapis.com/oauth2/v3/token [omitted]
[debug] [2025-03-01T06:30:07.159Z] >>> [apiv2][query] GET https://firebase.googleapis.com/v1beta1/projects/grean-de04f [none]
[debug] [2025-03-01T06:30:07.286Z] <<< [apiv2][status] GET https://firebase-public.firebaseio.com/cli.json 200
[debug] [2025-03-01T06:30:07.287Z] <<< [apiv2][body] GET https://firebase-public.firebaseio.com/cli.json {"cloudBuildErrorAfter":1594252800000,"cloudBuildWarnAfter":1590019200000,"defaultNode10After":1594252800000,"minVersion":"3.0.5","node8DeploysDisabledAfter":1613390400000,"node8RuntimeDisabledAfter":1615809600000,"node8WarnAfter":1600128000000}
[debug] [2025-03-01T06:30:07.621Z] <<< [apiv2][status] GET https://firebase.googleapis.com/v1beta1/projects/grean-de04f 200
[debug] [2025-03-01T06:30:07.622Z] <<< [apiv2][body] GET https://firebase.googleapis.com/v1beta1/projects/grean-de04f {"projectId":"grean-de04f","projectNumber":"881625022209","displayName":"grean","name":"projects/grean-de04f","resources":{"hostingSite":"grean-de04f","realtimeDatabaseInstance":"grean-de04f-default-rtdb","locationId":"us-central"},"state":"ACTIVE","etag":"1_641eb0a8-ac16-40f1-b531-60495183bc83"}
[info] i  Using project grean-de04f (grean) 
[info] 
=== Functions Setup
[debug] [2025-03-01T06:30:07.649Z] > command requires scopes: ["email","openid","https://www.googleapis.com/auth/cloudplatformprojects.readonly","https://www.googleapis.com/auth/firebase","https://www.googleapis.com/auth/cloud-platform"]
[debug] [2025-03-01T06:30:07.649Z] > authorizing via signed-in user (3salaz.dev@gmail.com)
[debug] [2025-03-01T06:30:07.649Z] [iam] checking project grean-de04f for permissions ["firebase.projects.get"]
[debug] [2025-03-01T06:30:07.649Z] >>> [apiv2][query] POST https://cloudresourcemanager.googleapis.com/v1/projects/grean-de04f:testIamPermissions [none]
[debug] [2025-03-01T06:30:07.649Z] >>> [apiv2][(partial)header] POST https://cloudresourcemanager.googleapis.com/v1/projects/grean-de04f:testIamPermissions x-goog-quota-user=projects/grean-de04f
[debug] [2025-03-01T06:30:07.650Z] >>> [apiv2][body] POST https://cloudresourcemanager.googleapis.com/v1/projects/grean-de04f:testIamPermissions {"permissions":["firebase.projects.get"]}
[debug] [2025-03-01T06:30:07.796Z] <<< [apiv2][status] POST https://cloudresourcemanager.googleapis.com/v1/projects/grean-de04f:testIamPermissions 200
[debug] [2025-03-01T06:30:07.796Z] <<< [apiv2][body] POST https://cloudresourcemanager.googleapis.com/v1/projects/grean-de04f:testIamPermissions {"permissions":["firebase.projects.get"]}
[debug] [2025-03-01T06:30:07.796Z] >>> [apiv2][query] GET https://serviceusage.googleapis.com/v1/projects/grean-de04f/services/cloudfunctions.googleapis.com [none]
[debug] [2025-03-01T06:30:07.796Z] >>> [apiv2][(partial)header] GET https://serviceusage.googleapis.com/v1/projects/grean-de04f/services/cloudfunctions.googleapis.com x-goog-quota-user=projects/grean-de04f
[debug] [2025-03-01T06:30:07.797Z] >>> [apiv2][query] GET https://serviceusage.googleapis.com/v1/projects/grean-de04f/services/runtimeconfig.googleapis.com [none]
[debug] [2025-03-01T06:30:07.797Z] >>> [apiv2][(partial)header] GET https://serviceusage.googleapis.com/v1/projects/grean-de04f/services/runtimeconfig.googleapis.com x-goog-quota-user=projects/grean-de04f
[debug] [2025-03-01T06:30:08.228Z] <<< [apiv2][status] GET https://serviceusage.googleapis.com/v1/projects/grean-de04f/services/runtimeconfig.googleapis.com 200
[debug] [2025-03-01T06:30:08.228Z] <<< [apiv2][body] GET https://serviceusage.googleapis.com/v1/projects/grean-de04f/services/runtimeconfig.googleapis.com [omitted]
[debug] [2025-03-01T06:30:08.269Z] <<< [apiv2][status] GET https://serviceusage.googleapis.com/v1/projects/grean-de04f/services/cloudfunctions.googleapis.com 200
[debug] [2025-03-01T06:30:08.269Z] <<< [apiv2][body] GET https://serviceusage.googleapis.com/v1/projects/grean-de04f/services/cloudfunctions.googleapis.com [omitted]
[info] 
Detected existing codebase(s): default

[info] 
Overwriting codebase default...

[info] ✔  Wrote functions/package.json 
[info] ✔  Wrote functions/.eslintrc.js 
[info] ✔  Wrote functions/tsconfig.json 
[info] ✔  Wrote functions/tsconfig.dev.json 
[info] ✔  Wrote functions/src/index.ts 
[info] i  Skipping write of functions/.gitignore 
[debug] [2025-03-01T06:30:45.555Z] ----------------------------------------------------------------------
[debug] [2025-03-01T06:30:45.557Z] Command:       /usr/local/bin/firebase /Users/3salaz/.cache/firebase/tools/lib/node_modules/firebase-tools/lib/bin/firebase init functions
[debug] [2025-03-01T06:30:45.557Z] CLI Version:   11.15.0
[debug] [2025-03-01T06:30:45.557Z] Platform:      darwin
[debug] [2025-03-01T06:30:45.557Z] Node Version:  v16.16.0
[debug] [2025-03-01T06:30:45.559Z] Time:          Fri Feb 28 2025 22:30:45 GMT-0800 (Pacific Standard Time)
[debug] [2025-03-01T06:30:45.559Z] ----------------------------------------------------------------------
[debug] 
[debug] [2025-03-01T06:30:45.632Z] > command requires scopes: ["email","openid","https://www.googleapis.com/auth/cloudplatformprojects.readonly","https://www.googleapis.com/auth/firebase","https://www.googleapis.com/auth/cloud-platform"]
[debug] [2025-03-01T06:30:45.633Z] > authorizing via signed-in user (3salaz.dev@gmail.com)
[info] 
     ######## #### ########  ######## ########     ###     ######  ########
     ##        ##  ##     ## ##       ##     ##  ##   ##  ##       ##
     ######    ##  ########  ######   ########  #########  ######  ######
     ##        ##  ##    ##  ##       ##     ## ##     ##       ## ##
     ##       #### ##     ## ######## ########  ##     ##  ######  ########

You're about to initialize a Firebase project in this directory:

  /Users/3salaz/Mirror/builds/web/grean-app

Before we get started, keep in mind:

  * You are initializing within an existing Firebase project directory

[info] 
=== Project Setup
[info] 
[info] First, let's associate this project directory with a Firebase project.
[info] You can create multiple project aliases by running firebase use --add, 
[info] but for now we'll just set up a default project.
[info] 
[debug] [2025-03-01T06:30:45.637Z] Using project from CLI flag: grean-de04f
[debug] [2025-03-01T06:30:45.639Z] >>> [apiv2][query] GET https://firebase.googleapis.com/v1beta1/projects/grean-de04f [none]
[debug] [2025-03-01T06:30:46.065Z] <<< [apiv2][status] GET https://firebase.googleapis.com/v1beta1/projects/grean-de04f 200
[debug] [2025-03-01T06:30:46.065Z] <<< [apiv2][body] GET https://firebase.googleapis.com/v1beta1/projects/grean-de04f {"projectId":"grean-de04f","projectNumber":"881625022209","displayName":"grean","name":"projects/grean-de04f","resources":{"hostingSite":"grean-de04f","realtimeDatabaseInstance":"grean-de04f-default-rtdb","locationId":"us-central"},"state":"ACTIVE","etag":"1_641eb0a8-ac16-40f1-b531-60495183bc83"}
[info] i  Using project grean-de04f (grean) 
[info] 
=== Functions Setup
[debug] [2025-03-01T06:30:46.095Z] > command requires scopes: ["email","openid","https://www.googleapis.com/auth/cloudplatformprojects.readonly","https://www.googleapis.com/auth/firebase","https://www.googleapis.com/auth/cloud-platform"]
[debug] [2025-03-01T06:30:46.095Z] > authorizing via signed-in user (3salaz.dev@gmail.com)
[debug] [2025-03-01T06:30:46.095Z] [iam] checking project grean-de04f for permissions ["firebase.projects.get"]
[debug] [2025-03-01T06:30:46.096Z] >>> [apiv2][query] POST https://cloudresourcemanager.googleapis.com/v1/projects/grean-de04f:testIamPermissions [none]
[debug] [2025-03-01T06:30:46.096Z] >>> [apiv2][(partial)header] POST https://cloudresourcemanager.googleapis.com/v1/projects/grean-de04f:testIamPermissions x-goog-quota-user=projects/grean-de04f
[debug] [2025-03-01T06:30:46.096Z] >>> [apiv2][body] POST https://cloudresourcemanager.googleapis.com/v1/projects/grean-de04f:testIamPermissions {"permissions":["firebase.projects.get"]}
[debug] [2025-03-01T06:30:46.298Z] <<< [apiv2][status] POST https://cloudresourcemanager.googleapis.com/v1/projects/grean-de04f:testIamPermissions 200
[debug] [2025-03-01T06:30:46.298Z] <<< [apiv2][body] POST https://cloudresourcemanager.googleapis.com/v1/projects/grean-de04f:testIamPermissions {"permissions":["firebase.projects.get"]}
[debug] [2025-03-01T06:30:46.298Z] >>> [apiv2][query] GET https://serviceusage.googleapis.com/v1/projects/grean-de04f/services/cloudfunctions.googleapis.com [none]
[debug] [2025-03-01T06:30:46.298Z] >>> [apiv2][(partial)header] GET https://serviceusage.googleapis.com/v1/projects/grean-de04f/services/cloudfunctions.googleapis.com x-goog-quota-user=projects/grean-de04f
[debug] [2025-03-01T06:30:46.299Z] >>> [apiv2][query] GET https://serviceusage.googleapis.com/v1/projects/grean-de04f/services/runtimeconfig.googleapis.com [none]
[debug] [2025-03-01T06:30:46.299Z] >>> [apiv2][(partial)header] GET https://serviceusage.googleapis.com/v1/projects/grean-de04f/services/runtimeconfig.googleapis.com x-goog-quota-user=projects/grean-de04f
[debug] [2025-03-01T06:30:46.729Z] <<< [apiv2][status] GET https://serviceusage.googleapis.com/v1/projects/grean-de04f/services/runtimeconfig.googleapis.com 200
[debug] [2025-03-01T06:30:46.729Z] <<< [apiv2][body] GET https://serviceusage.googleapis.com/v1/projects/grean-de04f/services/runtimeconfig.googleapis.com [omitted]
[debug] [2025-03-01T06:30:46.730Z] <<< [apiv2][status] GET https://serviceusage.googleapis.com/v1/projects/grean-de04f/services/cloudfunctions.googleapis.com 200
[debug] [2025-03-01T06:30:46.730Z] <<< [apiv2][body] GET https://serviceusage.googleapis.com/v1/projects/grean-de04f/services/cloudfunctions.googleapis.com [omitted]
[info] 
Detected existing codebase(s): default

[info] Let's create a new codebase for your functions.
[info] A directory corresponding to the codebase will be created in your project
[info] with sample code pre-configured.

[info] See https://firebase.google.com/docs/functions/organize-functions for
[info] more information on organizing your functions using codebases.

[info] Functions can be deployed with firebase deploy.

[debug] [2025-03-01T06:36:34.046Z] ----------------------------------------------------------------------
[debug] [2025-03-01T06:36:34.047Z] Command:       /usr/local/bin/firebase /Users/3salaz/.cache/firebase/tools/lib/node_modules/firebase-tools/lib/bin/firebase init functions
[debug] [2025-03-01T06:36:34.048Z] CLI Version:   11.15.0
[debug] [2025-03-01T06:36:34.048Z] Platform:      darwin
[debug] [2025-03-01T06:36:34.048Z] Node Version:  v16.16.0
[debug] [2025-03-01T06:36:34.049Z] Time:          Fri Feb 28 2025 22:36:34 GMT-0800 (Pacific Standard Time)
[debug] [2025-03-01T06:36:34.049Z] ----------------------------------------------------------------------
[debug] 
[debug] [2025-03-01T06:36:34.104Z] > command requires scopes: ["email","openid","https://www.googleapis.com/auth/cloudplatformprojects.readonly","https://www.googleapis.com/auth/firebase","https://www.googleapis.com/auth/cloud-platform"]
[debug] [2025-03-01T06:36:34.105Z] > authorizing via signed-in user (3salaz.dev@gmail.com)
[info] 
     ######## #### ########  ######## ########     ###     ######  ########
     ##        ##  ##     ## ##       ##     ##  ##   ##  ##       ##
     ######    ##  ########  ######   ########  #########  ######  ######
     ##        ##  ##    ##  ##       ##     ## ##     ##       ## ##
     ##       #### ##     ## ######## ########  ##     ##  ######  ########

You're about to initialize a Firebase project in this directory:

  /Users/3salaz/Mirror/builds/web/grean-app

Before we get started, keep in mind:

  * You are initializing within an existing Firebase project directory

[info] 
=== Project Setup
[info] 
[info] First, let's associate this project directory with a Firebase project.
[info] You can create multiple project aliases by running firebase use --add, 
[info] but for now we'll just set up a default project.
[info] 
[debug] [2025-03-01T06:36:34.108Z] Using project from CLI flag: grean-de04f
[debug] [2025-03-01T06:36:34.110Z] >>> [apiv2][query] GET https://firebase.googleapis.com/v1beta1/projects/grean-de04f [none]
[debug] [2025-03-01T06:36:34.557Z] <<< [apiv2][status] GET https://firebase.googleapis.com/v1beta1/projects/grean-de04f 200
[debug] [2025-03-01T06:36:34.557Z] <<< [apiv2][body] GET https://firebase.googleapis.com/v1beta1/projects/grean-de04f {"projectId":"grean-de04f","projectNumber":"881625022209","displayName":"grean","name":"projects/grean-de04f","resources":{"hostingSite":"grean-de04f","realtimeDatabaseInstance":"grean-de04f-default-rtdb","locationId":"us-central"},"state":"ACTIVE","etag":"1_641eb0a8-ac16-40f1-b531-60495183bc83"}
[info] i  Using project grean-de04f (grean) 
[info] 
=== Functions Setup
[debug] [2025-03-01T06:36:34.588Z] > command requires scopes: ["email","openid","https://www.googleapis.com/auth/cloudplatformprojects.readonly","https://www.googleapis.com/auth/firebase","https://www.googleapis.com/auth/cloud-platform"]
[debug] [2025-03-01T06:36:34.588Z] > authorizing via signed-in user (3salaz.dev@gmail.com)
[debug] [2025-03-01T06:36:34.588Z] [iam] checking project grean-de04f for permissions ["firebase.projects.get"]
[debug] [2025-03-01T06:36:34.589Z] >>> [apiv2][query] POST https://cloudresourcemanager.googleapis.com/v1/projects/grean-de04f:testIamPermissions [none]
[debug] [2025-03-01T06:36:34.589Z] >>> [apiv2][(partial)header] POST https://cloudresourcemanager.googleapis.com/v1/projects/grean-de04f:testIamPermissions x-goog-quota-user=projects/grean-de04f
[debug] [2025-03-01T06:36:34.589Z] >>> [apiv2][body] POST https://cloudresourcemanager.googleapis.com/v1/projects/grean-de04f:testIamPermissions {"permissions":["firebase.projects.get"]}
[debug] [2025-03-01T06:36:34.838Z] <<< [apiv2][status] POST https://cloudresourcemanager.googleapis.com/v1/projects/grean-de04f:testIamPermissions 200
[debug] [2025-03-01T06:36:34.838Z] <<< [apiv2][body] POST https://cloudresourcemanager.googleapis.com/v1/projects/grean-de04f:testIamPermissions {"permissions":["firebase.projects.get"]}
[debug] [2025-03-01T06:36:34.839Z] >>> [apiv2][query] GET https://serviceusage.googleapis.com/v1/projects/grean-de04f/services/cloudfunctions.googleapis.com [none]
[debug] [2025-03-01T06:36:34.839Z] >>> [apiv2][(partial)header] GET https://serviceusage.googleapis.com/v1/projects/grean-de04f/services/cloudfunctions.googleapis.com x-goog-quota-user=projects/grean-de04f
[debug] [2025-03-01T06:36:34.840Z] >>> [apiv2][query] GET https://serviceusage.googleapis.com/v1/projects/grean-de04f/services/runtimeconfig.googleapis.com [none]
[debug] [2025-03-01T06:36:34.840Z] >>> [apiv2][(partial)header] GET https://serviceusage.googleapis.com/v1/projects/grean-de04f/services/runtimeconfig.googleapis.com x-goog-quota-user=projects/grean-de04f
