[debug] [2024-05-16T19:21:52.789Z] ----------------------------------------------------------------------
[debug] [2024-05-16T19:21:52.791Z] Command:       /usr/local/bin/firebase /Users/3salaz/.cache/firebase/tools/lib/node_modules/firebase-tools/lib/bin/firebase use --add
[debug] [2024-05-16T19:21:52.792Z] CLI Version:   11.15.0
[debug] [2024-05-16T19:21:52.792Z] Platform:      darwin
[debug] [2024-05-16T19:21:52.792Z] Node Version:  v16.16.0
[debug] [2024-05-16T19:21:52.793Z] Time:          Thu May 16 2024 12:21:52 GMT-0700 (Pacific Daylight Time)
[debug] [2024-05-16T19:21:52.794Z] ----------------------------------------------------------------------
[debug] 
[debug] [2024-05-16T19:21:52.798Z] >>> [apiv2][query] GET https://firebase-public.firebaseio.com/cli.json [none]
[debug] [2024-05-16T19:21:52.894Z] > command requires scopes: ["email","openid","https://www.googleapis.com/auth/cloudplatformprojects.readonly","https://www.googleapis.com/auth/firebase","https://www.googleapis.com/auth/cloud-platform"]
[debug] [2024-05-16T19:21:52.895Z] > authorizing via signed-in user (3salaz.dev@gmail.com)
[debug] [2024-05-16T19:21:52.896Z] > refreshing access token with scopes: []
[debug] [2024-05-16T19:21:52.897Z] >>> [apiv2][query] POST https://www.googleapis.com/oauth2/v3/token [none]
[debug] [2024-05-16T19:21:52.897Z] >>> [apiv2][body] POST https://www.googleapis.com/oauth2/v3/token [omitted]
[debug] [2024-05-16T19:21:53.055Z] <<< [apiv2][status] GET https://firebase-public.firebaseio.com/cli.json 200
[debug] [2024-05-16T19:21:53.055Z] <<< [apiv2][body] GET https://firebase-public.firebaseio.com/cli.json {"cloudBuildErrorAfter":1594252800000,"cloudBuildWarnAfter":1590019200000,"defaultNode10After":1594252800000,"minVersion":"3.0.5","node8DeploysDisabledAfter":1613390400000,"node8RuntimeDisabledAfter":1615809600000,"node8WarnAfter":1600128000000}
[debug] [2024-05-16T19:21:53.132Z] <<< [apiv2][status] POST https://www.googleapis.com/oauth2/v3/token 200
[debug] [2024-05-16T19:21:53.133Z] <<< [apiv2][body] POST https://www.googleapis.com/oauth2/v3/token [omitted]
[debug] [2024-05-16T19:21:53.186Z] >>> [apiv2][query] GET https://firebase.googleapis.com/v1beta1/projects pageSize=1000
[debug] [2024-05-16T19:21:53.654Z] <<< [apiv2][status] GET https://firebase.googleapis.com/v1beta1/projects 200
[debug] [2024-05-16T19:21:53.654Z] <<< [apiv2][body] GET https://firebase.googleapis.com/v1beta1/projects [omitted]
